2025-08-11T15:28:55,997 INFO [main] App: [>] Starting...
2025-08-11T15:28:56,035 INFO [main] WebServer: [>] Starting...
2025-08-11T15:28:56,036 INFO [main] application: Autoreload is disabled because the development mode is off.
2025-08-11T15:28:56,071 INFO [main] application: Application started in 0.052 seconds.
2025-08-11T15:28:56,071 INFO [main] application: Application started: io.ktor.server.application.Application@6ac4944a
2025-08-11T15:28:56,073 DEBUG [main] InternalLoggerFactory: Using SLF4J as the default logging framework
2025-08-11T15:28:56,084 DEBUG [main] PlatformDependent0: -Dio.netty.noUnsafe: false
2025-08-11T15:28:56,084 DEBUG [main] PlatformDependent0: Java version: 17
2025-08-11T15:28:56,085 DEBUG [main] PlatformDependent0: sun.misc.Unsafe.theUnsafe: available
2025-08-11T15:28:56,085 DEBUG [main] PlatformDependent0: sun.misc.Unsafe base methods: all available
2025-08-11T15:28:56,085 DEBUG [main] PlatformDependent0: sun.misc.Unsafe.storeFence: available
2025-08-11T15:28:56,085 DEBUG [main] PlatformDependent0: java.nio.Buffer.address: available
2025-08-11T15:28:56,086 DEBUG [main] PlatformDependent0: direct buffer constructor: unavailable: Reflective setAccessible(true) disabled
2025-08-11T15:28:56,086 DEBUG [main] PlatformDependent0: java.nio.Bits.unaligned: available, true
2025-08-11T15:28:56,086 DEBUG [main] PlatformDependent0: jdk.internal.misc.Unsafe.allocateUninitializedArray(int): unavailable: class io.netty.util.internal.PlatformDependent0$7 cannot access class jdk.internal.misc.Unsafe (in module java.base) because module java.base does not export jdk.internal.misc to unnamed module @5965d37
2025-08-11T15:28:56,087 DEBUG [main] PlatformDependent0: java.nio.DirectByteBuffer.<init>(long, {int,long}): unavailable
2025-08-11T15:28:56,087 DEBUG [main] PlatformDependent: sun.misc.Unsafe: available
2025-08-11T15:28:56,087 DEBUG [main] PlatformDependent: -Dio.netty.tmpdir: /var/folders/x1/k5nk211j4dz_7hx5zfsbwfmh0000gn/T (java.io.tmpdir)
2025-08-11T15:28:56,087 DEBUG [main] PlatformDependent: -Dio.netty.bitMode: 64 (sun.arch.data.model)
2025-08-11T15:28:56,087 DEBUG [main] PlatformDependent: Platform: MacOS
2025-08-11T15:28:56,087 DEBUG [main] PlatformDependent: -Dio.netty.maxDirectMemory: -1 bytes
2025-08-11T15:28:56,087 DEBUG [main] PlatformDependent: -Dio.netty.uninitializedArrayAllocationThreshold: -1
2025-08-11T15:28:56,087 DEBUG [main] CleanerJava9: java.nio.ByteBuffer.cleaner(): available
2025-08-11T15:28:56,088 DEBUG [main] PlatformDependent: -Dio.netty.noPreferDirect: false
2025-08-11T15:28:56,089 DEBUG [main] NativeLibraryLoader: -Dio.netty.native.workdir: /var/folders/x1/k5nk211j4dz_7hx5zfsbwfmh0000gn/T (io.netty.tmpdir)
2025-08-11T15:28:56,089 DEBUG [main] NativeLibraryLoader: -Dio.netty.native.deleteLibAfterLoading: true
2025-08-11T15:28:56,089 DEBUG [main] NativeLibraryLoader: -Dio.netty.native.tryPatchShadedId: true
2025-08-11T15:28:56,089 DEBUG [main] NativeLibraryLoader: -Dio.netty.native.detectNativeLibraryDuplicates: true
2025-08-11T15:28:56,102 DEBUG [main] MultithreadEventLoopGroup: -Dio.netty.eventLoopThreads: 24
2025-08-11T15:28:56,104 DEBUG [main] GlobalEventExecutor: -Dio.netty.globalEventExecutor.quietPeriodSeconds: 1
2025-08-11T15:28:56,105 DEBUG [main] InternalThreadLocalMap: -Dio.netty.threadLocalMap.stringBuilder.initialSize: 1024
2025-08-11T15:28:56,105 DEBUG [main] InternalThreadLocalMap: -Dio.netty.threadLocalMap.stringBuilder.maxSize: 4096
2025-08-11T15:28:56,108 DEBUG [main] NioEventLoop: -Dio.netty.noKeySetOptimization: false
2025-08-11T15:28:56,108 DEBUG [main] NioEventLoop: -Dio.netty.selectorAutoRebuildThreshold: 512
2025-08-11T15:28:56,110 DEBUG [main] PlatformDependent: org.jctools-core.MpscChunkedArrayQueue: available
2025-08-11T15:28:56,126 DEBUG [main] DefaultChannelId: -Dio.netty.processId: 97473 (auto-detected)
2025-08-11T15:28:56,129 DEBUG [main] NetUtil: -Djava.net.preferIPv4Stack: false
2025-08-11T15:28:56,129 DEBUG [main] NetUtil: -Djava.net.preferIPv6Addresses: false
2025-08-11T15:28:56,133 DEBUG [main] NetUtilInitializations: Loopback interface: lo0 (lo0, 0:0:0:0:0:0:0:1%lo0)
2025-08-11T15:28:56,142 DEBUG [main] NetUtil: Failed to get SOMAXCONN from sysctl and file /proc/sys/net/core/somaxconn. Default: 128
2025-08-11T15:28:56,143 DEBUG [main] DefaultChannelId: -Dio.netty.machineId: 56:d4:7a:ff:fe:92:d7:c9 (auto-detected)
2025-08-11T15:28:56,147 DEBUG [main] ResourceLeakDetector: -Dio.netty.leakDetection.level: simple
2025-08-11T15:28:56,147 DEBUG [main] ResourceLeakDetector: -Dio.netty.leakDetection.targetRecords: 4
2025-08-11T15:28:56,156 DEBUG [main] PooledByteBufAllocator: -Dio.netty.allocator.numHeapArenas: 24
2025-08-11T15:28:56,156 DEBUG [main] PooledByteBufAllocator: -Dio.netty.allocator.numDirectArenas: 24
2025-08-11T15:28:56,156 DEBUG [main] PooledByteBufAllocator: -Dio.netty.allocator.pageSize: 8192
2025-08-11T15:28:56,156 DEBUG [main] PooledByteBufAllocator: -Dio.netty.allocator.maxOrder: 9
2025-08-11T15:28:56,156 DEBUG [main] PooledByteBufAllocator: -Dio.netty.allocator.chunkSize: 4194304
2025-08-11T15:28:56,156 DEBUG [main] PooledByteBufAllocator: -Dio.netty.allocator.smallCacheSize: 256
2025-08-11T15:28:56,156 DEBUG [main] PooledByteBufAllocator: -Dio.netty.allocator.normalCacheSize: 64
2025-08-11T15:28:56,156 DEBUG [main] PooledByteBufAllocator: -Dio.netty.allocator.maxCachedBufferCapacity: 32768
2025-08-11T15:28:56,156 DEBUG [main] PooledByteBufAllocator: -Dio.netty.allocator.cacheTrimInterval: 8192
2025-08-11T15:28:56,156 DEBUG [main] PooledByteBufAllocator: -Dio.netty.allocator.cacheTrimIntervalMillis: 0
2025-08-11T15:28:56,156 DEBUG [main] PooledByteBufAllocator: -Dio.netty.allocator.useCacheForAllThreads: false
2025-08-11T15:28:56,156 DEBUG [main] PooledByteBufAllocator: -Dio.netty.allocator.maxCachedByteBuffersPerChunk: 1023
2025-08-11T15:28:56,160 DEBUG [main] ByteBufUtil: -Dio.netty.allocator.type: pooled
2025-08-11T15:28:56,160 DEBUG [main] ByteBufUtil: -Dio.netty.threadLocalDirectBufferSize: 0
2025-08-11T15:28:56,160 DEBUG [main] ByteBufUtil: -Dio.netty.maxThreadLocalCharBufferSize: 16384
2025-08-11T15:28:56,161 DEBUG [main] ChannelInitializerExtensions: -Dio.netty.bootstrap.extensions: null
2025-08-11T15:28:56,168 INFO [main] WebServer: [<] Started
2025-08-11T15:28:56,168 INFO [DefaultDispatcher-worker-1] application: Responding at http://0.0.0.0:8080
2025-08-11T15:28:56,168 INFO [main] App: [<] Started
2025-08-11T15:29:20,548 DEBUG [eventLoopGroupProxy-3-1] AbstractByteBuf: -Dio.netty.buffer.checkAccessible: true
2025-08-11T15:29:20,548 DEBUG [eventLoopGroupProxy-3-1] AbstractByteBuf: -Dio.netty.buffer.checkBounds: true
2025-08-11T15:29:20,548 DEBUG [eventLoopGroupProxy-3-1] ResourceLeakDetectorFactory: Loaded default ResourceLeakDetector: io.netty.util.ResourceLeakDetector@23faa306
2025-08-11T15:29:20,564 DEBUG [eventLoopGroupProxy-3-1] Recycler: -Dio.netty.recycler.maxCapacityPerThread: 4096
2025-08-11T15:29:20,564 DEBUG [eventLoopGroupProxy-3-1] Recycler: -Dio.netty.recycler.ratio: 8
2025-08-11T15:29:20,564 DEBUG [eventLoopGroupProxy-3-1] Recycler: -Dio.netty.recycler.chunkSize: 32
2025-08-11T15:29:20,564 DEBUG [eventLoopGroupProxy-3-1] Recycler: -Dio.netty.recycler.blocking: false
2025-08-11T15:29:20,564 DEBUG [eventLoopGroupProxy-3-1] Recycler: -Dio.netty.recycler.batchFastThreadLocalOnly: true
2025-08-11T15:29:20,971 INFO [eventLoopGroupProxy-4-1] application: [32m200 OK[m: [36mGET[m - /api/hello-world in 387ms
2025-08-11T19:50:13,324 INFO [Thread-0] App: [>] Stopping...
2025-08-11T19:50:13,326 INFO [Thread-0] WebServer: [>] Stopping...
2025-08-11T19:50:15,411 DEBUG [eventLoopGroupProxy-3-1] PoolThreadCache: Freed 2 thread-local buffer(s) from thread: eventLoopGroupProxy-3-1
2025-08-11T19:50:17,485 INFO [Thread-0] application: Application stopping: io.ktor.server.application.Application@6ac4944a
2025-08-11T19:50:17,486 INFO [Thread-0] application: Application stopped: io.ktor.server.application.Application@6ac4944a
2025-08-11T19:50:17,489 INFO [Thread-0] WebServer: [<] Stopped
2025-08-11T19:50:17,490 INFO [Thread-0] App: [<] Stopped
